<?xml version="1.0" encoding="UTF-8"?>
<!-- Generated by org.testng.reporters.JUnitReportReporter -->
<testsuite name="Testcases.TC_001" tests="1" time="7.049" ignored="0" failures="0" timestamp="23 Oct 2017 17:28:16 GMT" skipped="0" hostname="DESKTOP-0J9QAUO" errors="0">
  <testcase name="TestCase1" time="7.049" classname="Testcases.TC_001"/>
</testsuite> <!-- Testcases.TC_001 -->
